[ 2025-01-06 00:56:19,329 ] 1025 httpx - INFO - HTTP Request: GET https://dagshub.com/api/v1/user "HTTP/1.1 200 OK"
[ 2025-01-06 00:56:19,329 ] 107 dagshub - INFO - Accessing as sghangs
[ 2025-01-06 00:56:19,734 ] 1025 httpx - INFO - HTTP Request: GET https://dagshub.com/api/v1/repos/sghangs/networksecurity "HTTP/1.1 200 OK"
[ 2025-01-06 00:56:20,145 ] 1025 httpx - INFO - HTTP Request: GET https://dagshub.com/api/v1/user "HTTP/1.1 200 OK"
[ 2025-01-06 00:56:20,145 ] 107 dagshub - INFO - Initialized MLflow to track repo "sghangs/networksecurity"
[ 2025-01-06 00:56:20,156 ] 107 dagshub - INFO - Repository sghangs/networksecurity initialized!
[ 2025-01-06 00:56:37,186 ] 36 root - INFO - Start data ingestion
[ 2025-01-06 00:56:38,614 ] 63 root - INFO - Performed train test split on the dataframe
[ 2025-01-06 00:56:38,614 ] 64 root - INFO - Exited split_data_as_train_test method of Data_Ingestion class
[ 2025-01-06 00:56:38,614 ] 68 root - INFO - Exporting train and test file
[ 2025-01-06 00:56:38,748 ] 75 root - INFO - Exported train and test file
[ 2025-01-06 00:56:38,748 ] 40 root - INFO - Data Ingestion completed
[ 2025-01-06 00:56:38,748 ] 47 root - INFO - Start data validation
[ 2025-01-06 00:56:38,781 ] 31 root - INFO - Required number of columns :2
[ 2025-01-06 00:56:38,781 ] 32 root - INFO - Dataframe has columns : 31
[ 2025-01-06 00:56:38,781 ] 31 root - INFO - Required number of columns :2
[ 2025-01-06 00:56:38,781 ] 32 root - INFO - Dataframe has columns : 31
[ 2025-01-06 00:56:39,031 ] 51 root - INFO - Data Validation completed
[ 2025-01-06 00:56:39,031 ] 58 root - INFO - Start data transformation
[ 2025-01-06 00:56:39,031 ] 46 root - INFO - Entered the initiate data transformation method
[ 2025-01-06 00:56:39,031 ] 48 root - INFO - Starting Data Transformation
[ 2025-01-06 00:56:39,065 ] 36 root - INFO - Entered get_data_transformer_object method of Transformation class
[ 2025-01-06 00:56:39,065 ] 39 root - INFO - INitialize KNN IMputer with : {'missing_values': nan, 'n_neighbors': 3, 'weights': 'uniform'}
[ 2025-01-06 00:56:39,082 ] 43 root - INFO - Entered the save object method of Mainutils class
[ 2025-01-06 00:56:39,082 ] 43 root - INFO - Entered the save object method of Mainutils class
[ 2025-01-06 00:56:39,099 ] 62 root - INFO - Data Transformation completed
[ 2025-01-06 00:56:39,099 ] 69 root - INFO - Start model training
[ 2025-01-06 01:02:44,976 ] 43 root - INFO - Entered the save object method of Mainutils class
[ 2025-01-06 01:02:44,981 ] 43 root - INFO - Entered the save object method of Mainutils class
[ 2025-01-06 01:02:44,987 ] 127 root - INFO - Model trainer artifact:ModelTrainerArtifact(trained_model_file_path='Artifacts\\01_06_2025_00_56_15\\model_trainer\\trained_model\\model.pkl', train_metric_artifact=ClassificationMetricArtifact(f1_score=0.9910768606773473, precision_score=0.9908759124087592, recall_score=0.9912778904665315), test_metric_artifact=ClassificationMetricArtifact(f1_score=0.978481526593585, precision_score=0.9749190938511327, recall_score=0.9820700896495518))
[ 2025-01-06 01:02:44,988 ] 73 root - INFO - Model Training completed
