[ 2025-01-05 23:01:57,576 ] 1025 httpx - INFO - HTTP Request: GET https://dagshub.com/api/v1/user "HTTP/1.1 200 OK"
[ 2025-01-05 23:01:57,576 ] 107 dagshub - INFO - Accessing as sghangs
[ 2025-01-05 23:01:57,962 ] 1025 httpx - INFO - HTTP Request: GET https://dagshub.com/api/v1/repos/sghangs/networksecurity "HTTP/1.1 200 OK"
[ 2025-01-05 23:01:58,370 ] 1025 httpx - INFO - HTTP Request: GET https://dagshub.com/api/v1/user "HTTP/1.1 200 OK"
[ 2025-01-05 23:01:58,386 ] 107 dagshub - INFO - Initialized MLflow to track repo "sghangs/networksecurity"
[ 2025-01-05 23:01:58,386 ] 107 dagshub - INFO - Repository sghangs/networksecurity initialized!
[ 2025-01-05 23:02:07,503 ] 33 root - INFO - Start data ingestion
[ 2025-01-05 23:02:09,019 ] 63 root - INFO - Performed train test split on the dataframe
[ 2025-01-05 23:02:09,019 ] 64 root - INFO - Exited split_data_as_train_test method of Data_Ingestion class
[ 2025-01-05 23:02:09,020 ] 68 root - INFO - Exporting train and test file
[ 2025-01-05 23:02:09,177 ] 75 root - INFO - Exported train and test file
[ 2025-01-05 23:02:09,177 ] 37 root - INFO - Data Ingestion completed
[ 2025-01-05 23:02:09,177 ] 44 root - INFO - Start data validation
[ 2025-01-05 23:02:09,240 ] 31 root - INFO - Required number of columns :2
[ 2025-01-05 23:02:09,240 ] 32 root - INFO - Dataframe has columns : 31
[ 2025-01-05 23:02:09,240 ] 31 root - INFO - Required number of columns :2
[ 2025-01-05 23:02:09,240 ] 32 root - INFO - Dataframe has columns : 31
[ 2025-01-05 23:02:09,492 ] 48 root - INFO - Data Validation completed
[ 2025-01-05 23:02:09,492 ] 55 root - INFO - Start data transformation
[ 2025-01-05 23:02:09,492 ] 46 root - INFO - Entered the initiate data transformation method
[ 2025-01-05 23:02:09,492 ] 48 root - INFO - Starting Data Transformation
[ 2025-01-05 23:02:09,524 ] 36 root - INFO - Entered get_data_transformer_object method of Transformation class
[ 2025-01-05 23:02:09,524 ] 39 root - INFO - INitialize KNN IMputer with : {'missing_values': nan, 'n_neighbors': 3, 'weights': 'uniform'}
[ 2025-01-05 23:02:09,555 ] 43 root - INFO - Entered the save object method of Mainutils class
[ 2025-01-05 23:02:09,555 ] 43 root - INFO - Entered the save object method of Mainutils class
[ 2025-01-05 23:02:09,555 ] 59 root - INFO - Data Transformation completed
[ 2025-01-05 23:02:09,555 ] 66 root - INFO - Start model training
[ 2025-01-05 23:09:26,653 ] 43 root - INFO - Entered the save object method of Mainutils class
[ 2025-01-05 23:09:26,705 ] 43 root - INFO - Entered the save object method of Mainutils class
[ 2025-01-05 23:09:26,748 ] 127 root - INFO - Model trainer artifact:ModelTrainerArtifact(trained_model_file_path='Artifacts\\01_05_2025_23_01_51\\model_trainer\\trained_model\\model.pkl', train_metric_artifact=ClassificationMetricArtifact(f1_score=0.9914098029307731, precision_score=0.9885126964933495, recall_score=0.9943239408068113), test_metric_artifact=ClassificationMetricArtifact(f1_score=0.973630831643002, precision_score=0.9669621273166801, recall_score=0.9803921568627451))
[ 2025-01-05 23:09:26,748 ] 70 root - INFO - Model Training completed
