[ 2025-01-06 00:46:06,862 ] 1025 httpx - INFO - HTTP Request: GET https://dagshub.com/api/v1/user "HTTP/1.1 200 OK"
[ 2025-01-06 00:46:06,882 ] 107 dagshub - INFO - Accessing as sghangs
[ 2025-01-06 00:46:07,386 ] 1025 httpx - INFO - HTTP Request: GET https://dagshub.com/api/v1/repos/sghangs/networksecurity "HTTP/1.1 200 OK"
[ 2025-01-06 00:46:07,712 ] 1025 httpx - INFO - HTTP Request: GET https://dagshub.com/api/v1/user "HTTP/1.1 200 OK"
[ 2025-01-06 00:46:07,712 ] 107 dagshub - INFO - Initialized MLflow to track repo "sghangs/networksecurity"
[ 2025-01-06 00:46:07,723 ] 107 dagshub - INFO - Repository sghangs/networksecurity initialized!
[ 2025-01-06 00:46:38,011 ] 36 root - INFO - Start data ingestion
[ 2025-01-06 00:46:39,410 ] 63 root - INFO - Performed train test split on the dataframe
[ 2025-01-06 00:46:39,410 ] 64 root - INFO - Exited split_data_as_train_test method of Data_Ingestion class
[ 2025-01-06 00:46:39,410 ] 68 root - INFO - Exporting train and test file
[ 2025-01-06 00:46:39,510 ] 75 root - INFO - Exported train and test file
[ 2025-01-06 00:46:39,510 ] 40 root - INFO - Data Ingestion completed
[ 2025-01-06 00:46:39,510 ] 47 root - INFO - Start data validation
[ 2025-01-06 00:46:39,560 ] 31 root - INFO - Required number of columns :2
[ 2025-01-06 00:46:39,560 ] 32 root - INFO - Dataframe has columns : 31
[ 2025-01-06 00:46:39,560 ] 31 root - INFO - Required number of columns :2
[ 2025-01-06 00:46:39,560 ] 32 root - INFO - Dataframe has columns : 31
[ 2025-01-06 00:46:39,793 ] 51 root - INFO - Data Validation completed
[ 2025-01-06 00:46:39,793 ] 58 root - INFO - Start data transformation
[ 2025-01-06 00:46:39,793 ] 46 root - INFO - Entered the initiate data transformation method
[ 2025-01-06 00:46:39,793 ] 48 root - INFO - Starting Data Transformation
[ 2025-01-06 00:46:39,832 ] 36 root - INFO - Entered get_data_transformer_object method of Transformation class
[ 2025-01-06 00:46:39,832 ] 39 root - INFO - INitialize KNN IMputer with : {'missing_values': nan, 'n_neighbors': 3, 'weights': 'uniform'}
[ 2025-01-06 00:46:39,860 ] 43 root - INFO - Entered the save object method of Mainutils class
[ 2025-01-06 00:46:39,860 ] 43 root - INFO - Entered the save object method of Mainutils class
[ 2025-01-06 00:46:39,860 ] 62 root - INFO - Data Transformation completed
[ 2025-01-06 00:46:39,860 ] 69 root - INFO - Start model training
[ 2025-01-06 00:53:39,796 ] 43 root - INFO - Entered the save object method of Mainutils class
[ 2025-01-06 00:53:39,850 ] 43 root - INFO - Entered the save object method of Mainutils class
[ 2025-01-06 00:53:39,909 ] 127 root - INFO - Model trainer artifact:ModelTrainerArtifact(trained_model_file_path='Artifacts\\01_06_2025_00_46_02\\model_trainer\\trained_model\\model.pkl', train_metric_artifact=ClassificationMetricArtifact(f1_score=0.990555499136793, precision_score=0.989650974025974, recall_score=0.99146167920309), test_metric_artifact=ClassificationMetricArtifact(f1_score=0.9762192664248287, precision_score=0.9742558326629123, recall_score=0.9781906300484653))
[ 2025-01-06 00:53:39,914 ] 73 root - INFO - Model Training completed
